<?xml version="1.0" encoding="UTF-8"?>
<!-- Generated by org.testng.reporters.JUnitReportReporter -->
<testsuite hostname="Rupesh" failures="0" tests="1" name="log4j.Log" time="0.024" errors="0" timestamp="2022-03-29T01:18:49 IST" skipped="0">
  <testcase classname="log4j.Log" name="runtest" time="0.024"/>
  <system-out/>
</testsuite> <!-- log4j.Log -->
