<?xml version="1.0" encoding="UTF-8"?>
<!-- Generated by org.testng.reporters.JUnitReportReporter -->
<testsuite hostname="Rupesh" failures="0" tests="1" name="general.General" time="0.017" errors="0" timestamp="2022-03-29T00:37:42 IST" skipped="0">
  <testcase classname="general.General" name="logout" time="0.017"/>
  <system-out/>
</testsuite> <!-- general.General -->
