<?xml version="1.0" encoding="UTF-8"?>
<!-- Generated by org.testng.reporters.JUnitReportReporter -->
<testsuite hostname="Rupesh" failures="0" tests="1" name="tpack.TC001" time="32.980" errors="0" timestamp="2022-03-29T02:46:22 IST" skipped="0">
  <testcase classname="tpack.TC001" name="tc001" time="32.980"/>
  <system-out/>
</testsuite> <!-- tpack.TC001 -->
